dev:  cuda OrderedDict([('run_id', '0'), ('env', 'CartpoleStabShort-v0'), ('steps', '1000000'), ('batch_size', '2024'), ('buffer_size', '100000'), ('warmup_samples', '50000'), ('actor_lr', '0.0001'), ('critic_lr', '0.0001'), ('actor_hidden_layers', '[100,100,50]'), ('critic_hidden_layers', '[100,100]'), ('tau', '0.01'), ('noise_decay', '0.99'), ('', '')])
1000000 50000 100000 2024 0.0001 0.0001 0.99 0.01 [100, 100, 50] [100, 100]
tensor([-5.], device='cuda:0') tensor([5.], device='cuda:0')
Training started...
0 /1000000 | 0 /0 | 0 /100000 | alr,clr: 1.00E-04 1.00E-04 | bs: 2024
120 /1000000 | 239 /0 | 120 /100000 | alr,clr: 1.00E-04 1.00E-04 | bs: 2024
249 /1000000 | 257 /0 | 249 /100000 | alr,clr: 1.00E-04 1.00E-04 | bs: 2024
444 /1000000 | 389 /0 | 444 /100000 | alr,clr: 1.00E-04 1.00E-04 | bs: 2024
602 /1000000 | 315 /0 | 602 /100000 | alr,clr: 1.00E-04 1.00E-04 | bs: 2024
709 /1000000 | 213 /0 | 709 /100000 | alr,clr: 1.00E-04 1.00E-04 | bs: 2024
838 /1000000 | 257 /0 | 838 /100000 | alr,clr: 1.00E-04 1.00E-04 | bs: 2024
970 /1000000 | 263 /0 | 970 /100000 | alr,clr: 1.00E-04 1.00E-04 | bs: 2024
1092 /1000000 | 243 /0 | 1092 /100000 | alr,clr: 1.00E-04 1.00E-04 | bs: 2024
1210 /1000000 | 235 /0 | 1210 /100000 | alr,clr: 1.00E-04 1.00E-04 | bs: 2024
1342 /1000000 | 263 /0 | 1342 /100000 | alr,clr: 1.00E-04 1.00E-04 | bs: 2024
1457 /1000000 | 229 /0 | 1457 /100000 | alr,clr: 1.00E-04 1.00E-04 | bs: 2024
1543 /1000000 | 171 /0 | 1543 /100000 | alr,clr: 1.00E-04 1.00E-04 | bs: 2024
1688 /1000000 | 289 /0 | 1688 /100000 | alr,clr: 1.00E-04 1.00E-04 | bs: 2024
1780 /1000000 | 183 /0 | 1780 /100000 | alr,clr: 1.00E-04 1.00E-04 | bs: 2024
2019 /1000000 | 477 /0 | 2019 /100000 | alr,clr: 1.00E-04 1.00E-04 | bs: 2024
2128 /1000000 | 217 /0 | 2128 /100000 | alr,clr: 1.00E-04 1.00E-04 | bs: 2024
2353 /1000000 | 449 /0 | 2353 /100000 | alr,clr: 1.00E-04 1.00E-04 | bs: 2024
2455 /1000000 | 203 /0 | 2455 /100000 | alr,clr: 1.00E-04 1.00E-04 | bs: 2024
2581 /1000000 | 251 /0 | 2581 /100000 | alr,clr: 1.00E-04 1.00E-04 | bs: 2024
2709 /1000000 | 255 /0 | 2709 /100000 | alr,clr: 1.00E-04 1.00E-04 | bs: 2024
2874 /1000000 | 329 /0 | 2874 /100000 | alr,clr: 1.00E-04 1.00E-04 | bs: 2024
2997 /1000000 | 245 /0 | 2997 /100000 | alr,clr: 1.00E-04 1.00E-04 | bs: 2024
3200 /1000000 | 405 /0 | 3200 /100000 | alr,clr: 1.00E-04 1.00E-04 | bs: 2024
3345 /1000000 | 289 /0 | 3345 /100000 | alr,clr: 1.00E-04 1.00E-04 | bs: 2024
3651 /1000000 | 611 /0 | 3651 /100000 | alr,clr: 1.00E-04 1.00E-04 | bs: 2024
3863 /1000000 | 423 /0 | 3863 /100000 | alr,clr: 1.00E-04 1.00E-04 | bs: 2024
4096 /1000000 | 465 /0 | 4096 /100000 | alr,clr: 1.00E-04 1.00E-04 | bs: 2024
4219 /1000000 | 245 /0 | 4219 /100000 | alr,clr: 1.00E-04 1.00E-04 | bs: 2024
4364 /1000000 | 289 /0 | 4364 /100000 | alr,clr: 1.00E-04 1.00E-04 | bs: 2024
4441 /1000000 | 153 /0 | 4441 /100000 | alr,clr: 1.00E-04 1.00E-04 | bs: 2024
4597 /1000000 | 310 /0 | 4597 /100000 | alr,clr: 1.00E-04 1.00E-04 | bs: 2024
4868 /1000000 | 541 /0 | 4868 /100000 | alr,clr: 1.00E-04 1.00E-04 | bs: 2024
5009 /1000000 | 281 /0 | 5009 /100000 | alr,clr: 1.00E-04 1.00E-04 | bs: 2024
5166 /1000000 | 313 /0 | 5166 /100000 | alr,clr: 1.00E-04 1.00E-04 | bs: 2024
5275 /1000000 | 217 /0 | 5275 /100000 | alr,clr: 1.00E-04 1.00E-04 | bs: 2024
5407 /1000000 | 263 /0 | 5407 /100000 | alr,clr: 1.00E-04 1.00E-04 | bs: 2024
5568 /1000000 | 321 /0 | 5568 /100000 | alr,clr: 1.00E-04 1.00E-04 | bs: 2024
5687 /1000000 | 237 /0 | 5687 /100000 | alr,clr: 1.00E-04 1.00E-04 | bs: 2024
5855 /1000000 | 335 /0 | 5855 /100000 | alr,clr: 1.00E-04 1.00E-04 | bs: 2024
6042 /1000000 | 373 /0 | 6042 /100000 | alr,clr: 1.00E-04 1.00E-04 | bs: 2024
6209 /1000000 | 333 /0 | 6209 /100000 | alr,clr: 1.00E-04 1.00E-04 | bs: 2024
6381 /1000000 | 343 /0 | 6381 /100000 | alr,clr: 1.00E-04 1.00E-04 | bs: 2024
6568 /1000000 | 373 /0 | 6568 /100000 | alr,clr: 1.00E-04 1.00E-04 | bs: 2024
6645 /1000000 | 153 /0 | 6645 /100000 | alr,clr: 1.00E-04 1.00E-04 | bs: 2024
6848 /1000000 | 405 /0 | 6848 /100000 | alr,clr: 1.00E-04 1.00E-04 | bs: 2024
6940 /1000000 | 183 /0 | 6940 /100000 | alr,clr: 1.00E-04 1.00E-04 | bs: 2024
7032 /1000000 | 183 /0 | 7032 /100000 | alr,clr: 1.00E-04 1.00E-04 | bs: 2024
7133 /1000000 | 201 /0 | 7133 /100000 | alr,clr: 1.00E-04 1.00E-04 | bs: 2024
7266 /1000000 | 265 /0 | 7266 /100000 | alr,clr: 1.00E-04 1.00E-04 | bs: 2024
7410 /1000000 | 287 /0 | 7410 /100000 | alr,clr: 1.00E-04 1.00E-04 | bs: 2024
7836 /1000000 | 851 /0 | 7836 /100000 | alr,clr: 1.00E-04 1.00E-04 | bs: 2024
8024 /1000000 | 375 /0 | 8024 /100000 | alr,clr: 1.00E-04 1.00E-04 | bs: 2024
8136 /1000000 | 223 /0 | 8136 /100000 | alr,clr: 1.00E-04 1.00E-04 | bs: 2024
8388 /1000000 | 503 /0 | 8388 /100000 | alr,clr: 1.00E-04 1.00E-04 | bs: 2024
8630 /1000000 | 483 /0 | 8630 /100000 | alr,clr: 1.00E-04 1.00E-04 | bs: 2024
8752 /1000000 | 243 /0 | 8752 /100000 | alr,clr: 1.00E-04 1.00E-04 | bs: 2024
8936 /1000000 | 367 /0 | 8936 /100000 | alr,clr: 1.00E-04 1.00E-04 | bs: 2024
9270 /1000000 | 667 /0 | 9270 /100000 | alr,clr: 1.00E-04 1.00E-04 | bs: 2024
9534 /1000000 | 527 /0 | 9534 /100000 | alr,clr: 1.00E-04 1.00E-04 | bs: 2024
9675 /1000000 | 281 /0 | 9675 /100000 | alr,clr: 1.00E-04 1.00E-04 | bs: 2024
9795 /1000000 | 239 /0 | 9795 /100000 | alr,clr: 1.00E-04 1.00E-04 | bs: 2024
9939 /1000000 | 287 /0 | 9939 /100000 | alr,clr: 1.00E-04 1.00E-04 | bs: 2024
10016 /1000000 | 153 /0 | 10016 /100000 | alr,clr: 1.00E-04 1.00E-04 | bs: 2024
10143 /1000000 | 253 /0 | 10143 /100000 | alr,clr: 1.00E-04 1.00E-04 | bs: 2024
10281 /1000000 | 275 /0 | 10281 /100000 | alr,clr: 1.00E-04 1.00E-04 | bs: 2024
10354 /1000000 | 145 /0 | 10354 /100000 | alr,clr: 1.00E-04 1.00E-04 | bs: 2024
10424 /1000000 | 139 /0 | 10424 /100000 | alr,clr: 1.00E-04 1.00E-04 | bs: 2024
10821 /1000000 | 793 /0 | 10821 /100000 | alr,clr: 1.00E-04 1.00E-04 | bs: 2024
10968 /1000000 | 293 /0 | 10968 /100000 | alr,clr: 1.00E-04 1.00E-04 | bs: 2024
11163 /1000000 | 389 /0 | 11163 /100000 | alr,clr: 1.00E-04 1.00E-04 | bs: 2024
11302 /1000000 | 277 /0 | 11302 /100000 | alr,clr: 1.00E-04 1.00E-04 | bs: 2024
11459 /1000000 | 313 /0 | 11459 /100000 | alr,clr: 1.00E-04 1.00E-04 | bs: 2024
11604 /1000000 | 289 /0 | 11604 /100000 | alr,clr: 1.00E-04 1.00E-04 | bs: 2024
11757 /1000000 | 305 /0 | 11757 /100000 | alr,clr: 1.00E-04 1.00E-04 | bs: 2024
11849 /1000000 | 183 /0 | 11849 /100000 | alr,clr: 1.00E-04 1.00E-04 | bs: 2024
12083 /1000000 | 467 /0 | 12083 /100000 | alr,clr: 1.00E-04 1.00E-04 | bs: 2024
12178 /1000000 | 189 /0 | 12178 /100000 | alr,clr: 1.00E-04 1.00E-04 | bs: 2024
12315 /1000000 | 273 /0 | 12315 /100000 | alr,clr: 1.00E-04 1.00E-04 | bs: 2024
12454 /1000000 | 277 /0 | 12454 /100000 | alr,clr: 1.00E-04 1.00E-04 | bs: 2024
12608 /1000000 | 307 /0 | 12608 /100000 | alr,clr: 1.00E-04 1.00E-04 | bs: 2024
12873 /1000000 | 529 /0 | 12873 /100000 | alr,clr: 1.00E-04 1.00E-04 | bs: 2024
13056 /1000000 | 365 /0 | 13056 /100000 | alr,clr: 1.00E-04 1.00E-04 | bs: 2024
13202 /1000000 | 291 /0 | 13202 /100000 | alr,clr: 1.00E-04 1.00E-04 | bs: 2024
13335 /1000000 | 265 /0 | 13335 /100000 | alr,clr: 1.00E-04 1.00E-04 | bs: 2024
13462 /1000000 | 253 /0 | 13462 /100000 | alr,clr: 1.00E-04 1.00E-04 | bs: 2024
13657 /1000000 | 389 /0 | 13657 /100000 | alr,clr: 1.00E-04 1.00E-04 | bs: 2024
13840 /1000000 | 365 /0 | 13840 /100000 | alr,clr: 1.00E-04 1.00E-04 | bs: 2024
14032 /1000000 | 383 /0 | 14032 /100000 | alr,clr: 1.00E-04 1.00E-04 | bs: 2024
14159 /1000000 | 253 /0 | 14159 /100000 | alr,clr: 1.00E-04 1.00E-04 | bs: 2024
14292 /1000000 | 265 /0 | 14292 /100000 | alr,clr: 1.00E-04 1.00E-04 | bs: 2024
14476 /1000000 | 367 /0 | 14476 /100000 | alr,clr: 1.00E-04 1.00E-04 | bs: 2024
14859 /1000000 | 765 /0 | 14859 /100000 | alr,clr: 1.00E-04 1.00E-04 | bs: 2024
15039 /1000000 | 359 /0 | 15039 /100000 | alr,clr: 1.00E-04 1.00E-04 | bs: 2024
15194 /1000000 | 309 /0 | 15194 /100000 | alr,clr: 1.00E-04 1.00E-04 | bs: 2024
15439 /1000000 | 489 /0 | 15439 /100000 | alr,clr: 1.00E-04 1.00E-04 | bs: 2024
15526 /1000000 | 173 /0 | 15526 /100000 | alr,clr: 1.00E-04 1.00E-04 | bs: 2024
15664 /1000000 | 275 /0 | 15664 /100000 | alr,clr: 1.00E-04 1.00E-04 | bs: 2024